<?xml version="1.0" encoding="UTF-8"?>
<!-- Generated by org.testng.reporters.JUnitReportReporter -->
<testsuite skipped="0" hostname="INDIA-PraveenSN" name="testcase.TC_002FlipKart" tests="1" failures="0" timestamp="2020-01-16T15:42:28 IST" time="38.656" errors="0">
  <testcase name="searchResult" time="38.656" classname="testcase.TC_002FlipKart"/>
</testsuite> <!-- testcase.TC_002FlipKart -->
