<?xml version="1.0" encoding="UTF-8"?>
<!-- Generated by org.testng.reporters.JUnitReportReporter -->
<testsuite skipped="0" hostname="INDIA-PraveenSN" name="testcase.TC_001FlipKart" tests="1" failures="0" timestamp="2020-01-16T15:37:21 IST" time="40.889" errors="0">
  <testcase name="searchResult" time="40.889" classname="testcase.TC_001FlipKart"/>
</testsuite> <!-- testcase.TC_001FlipKart -->
