<?xml version="1.0" encoding="UTF-8"?>
<!-- Generated by org.testng.reporters.JUnitReportReporter -->
<testsuite skipped="0" hostname="INDIA-PraveenSN" name="testcase.TC_001" tests="1" failures="0" timestamp="2019-12-23T17:02:36 IST" time="35.307" errors="0">
  <testcase name="testEbayPage" time="35.307" classname="testcase.TC_001"/>
</testsuite> <!-- testcase.TC_001 -->
