<?xml version="1.0" encoding="UTF-8"?>
<!-- Generated by org.testng.reporters.JUnitReportReporter -->
<testsuite skipped="0" hostname="INDIA-PraveenSN" name="testcase.TC_003FlipKart" tests="1" failures="0" timestamp="2020-01-16T15:43:31 IST" time="39.850" errors="0">
  <testcase name="searchResult" time="39.850" classname="testcase.TC_003FlipKart"/>
</testsuite> <!-- testcase.TC_003FlipKart -->
